[ 2023-04-16 17:10:43,101 ] 26 root - INFO - Data Ingestion methods Starts
[ 2023-04-16 17:10:43,117 ] 29 root - INFO - Dataset read as pandas Dataframe
[ 2023-04-16 17:10:43,133 ] 33 root - INFO - Train test split
[ 2023-04-16 17:10:43,155 ] 39 root - INFO - Ingestion of Data is completed
[ 2023-04-16 17:10:43,161 ] 77 root - INFO - Read train and test data completed
[ 2023-04-16 17:10:43,168 ] 78 root - INFO - Train Dataframe Head : 
     id  carat        cut color clarity  depth  table     x     y     z  price
0   286   0.51      Ideal     G     SI2   62.6   57.0  5.08  5.12  3.20   1181
1  1797   0.50    Premium     D     VS2   61.0   59.0  5.13  5.10  3.12   1845
2   722   1.50  Very Good     F     SI2   62.6   60.0  7.15  7.18  4.49   8758
3  1424   1.01    Premium     E     SI2   59.0   59.0  6.59  6.55  3.88   3402
4   782   0.24  Very Good     E     VS2   61.9   59.0  3.96  3.99  2.46    367
[ 2023-04-16 17:10:43,173 ] 79 root - INFO - Test Dataframe Head  : 
     id  carat        cut color clarity  depth  table     x     y     z  price
0   582   0.31      Ideal     D     VS1   61.2   56.0  4.37  4.39  2.68    663
1  1958   0.29  Very Good     F     VS1   62.2   59.0  4.26  4.24  2.64    504
2  1244   0.70      Ideal     F     VS1   61.7   57.0  5.68  5.71  3.52   2724
3  1094   1.02       Good     H     SI2   61.6   61.0  6.39  6.43  3.95   3548
4   916   1.71    Premium     H     SI1   61.9   59.0  7.67  7.63  4.72  11567
[ 2023-04-16 17:10:43,173 ] 81 root - INFO - Obtaining preprocessing object
[ 2023-04-16 17:10:43,173 ] 26 root - INFO - Data Transformation initiated
[ 2023-04-16 17:10:43,173 ] 36 root - INFO - Pipeline Initiated
[ 2023-04-16 17:10:43,203 ] 98 root - INFO - Applying preprocessing object on training and testing datasets.
[ 2023-04-16 17:10:43,205 ] 110 root - INFO - Preprocessor pickle file saved
[ 2023-04-16 17:10:43,206 ] 29 root - INFO - Splitting Dependent and Independent variables from train and test data
[ 2023-04-16 17:10:43,235 ] 47 root - INFO - Model Report : {'LinearRegression': 0.947971348039855, 'Lasso': 0.9481235075474979, 'Ridge': 0.9477658665054003, 'Elasticnet': 0.8609721051886132}
[ 2023-04-16 17:10:43,240 ] 60 root - INFO - Best Model Found , Model Name : Lasso , R2 Score : 0.9481235075474979
